<?xml version="1.0" encoding="UTF-8"?>
<testng-results ignored="0" total="2" passed="2" failed="0" skipped="0">
  <reporter-output>
  </reporter-output>
  <suite started-at="2023-03-04T06:11:09Z" name="Default suite" finished-at="2023-03-04T06:11:09Z" duration-ms="117">
    <groups>
    </groups>
    <test started-at="2023-03-04T06:11:09Z" name="Default test" finished-at="2023-03-04T06:11:09Z" duration-ms="117">
      <class name="com.data.DataProviderTest">
        <test-method signature="f(java.lang.Integer, java.lang.String)[pri:0, instance:com.data.DataProviderTest@36b4091c]" started-at="2023-03-04T06:11:09Z" name="f" data-provider="dp" finished-at="2023-03-04T06:11:09Z" duration-ms="29" status="PASS">
          <params>
            <param index="0">
              <value>
                <![CDATA[1]]>
              </value>
            </param>
            <param index="1">
              <value>
                <![CDATA[a]]>
              </value>
            </param>
          </params>
          <reporter-output>
          </reporter-output>
        </test-method> <!-- f -->
        <test-method signature="f(java.lang.Integer, java.lang.String)[pri:0, instance:com.data.DataProviderTest@36b4091c]" started-at="2023-03-04T06:11:09Z" name="f" data-provider="dp" finished-at="2023-03-04T06:11:09Z" duration-ms="4" status="PASS">
          <params>
            <param index="0">
              <value>
                <![CDATA[2]]>
              </value>
            </param>
            <param index="1">
              <value>
                <![CDATA[b]]>
              </value>
            </param>
          </params>
          <reporter-output>
          </reporter-output>
        </test-method> <!-- f -->
      </class> <!-- com.data.DataProviderTest -->
    </test> <!-- Default test -->
  </suite> <!-- Default suite -->
</testng-results>
